<?xml version="1.0" encoding="UTF-8"?>
<testsuite xmlns:xsi="http://www.w3.org/2001/XMLSchema-instance" xsi:noNamespaceSchemaLocation="https://maven.apache.org/surefire/maven-surefire-plugin/xsd/surefire-test-report-3.0.xsd" version="3.0" name="com.mycompany.aggregator.BookTest" time="0.164" tests="5" errors="0" skipped="0" failures="0">
  <properties>
[...]
</properties>
  <testcase name="testGetTitle" classname="com.mycompany.aggregator.BookTest" time="0.008"/>
  <testcase name="testGetIsbn" classname="com.mycompany.aggregator.BookTest" time="0.0"/>
  <testcase name="testIsAvailable" classname="com.mycompany.aggregator.BookTest" time="0.0"/>
  <testcase name="testGetAuthor" classname="com.mycompany.aggregator.BookTest" time="0.002"/>
  <testcase name="testSetAvailable" classname="com.mycompany.aggregator.BookTest" time="0.0"/>
</testsuite>